<?xml version="1.0" encoding="UTF-8"?>
<testsuite name="com.thoughtworks.rectangle.RectangleTest" tests="1" skipped="0" failures="0" errors="0" timestamp="2024-06-09T16:54:18" hostname="gurushifu-gurushifugitp-t641bopw1sc" time="0.013">
  <properties/>
  <testcase name="testGetArea()" classname="com.thoughtworks.rectangle.RectangleTest" time="0.013"/>
  <system-out><![CDATA[]]></system-out>
  <system-err><![CDATA[]]></system-err>
</testsuite>
